#
# There is insufficient memory for the Java Runtime Environment to continue.
# Native memory allocation (malloc) failed to allocate 480104 bytes for AllocateHeap
# Possible reasons:
#   The system is out of physical RAM or swap space
#   In 32 bit mode, the process size limit was hit
# Possible solutions:
#   Reduce memory load on the system
#   Increase physical memory or swap space
#   Check if swap backing store is full
#   Use 64 bit Java on a 64 bit OS
#   Decrease Java heap size (-Xmx/-Xms)
#   Decrease number of Java threads
#   Decrease Java thread stack sizes (-Xss)
#   Set larger code cache with -XX:ReservedCodeCacheSize=
# This output file may be truncated or incomplete.
#
#  Out of Memory Error (memory/allocation.inline.hpp:61), pid=8788, tid=5968
#
# JRE version:  (8.0_60-b27) (build )
# Java VM: Java HotSpot(TM) 64-Bit Server VM (25.60-b23 mixed mode windows-amd64 compressed oops)
# Failed to write core dump. Minidumps are not enabled by default on client versions of Windows
#

---------------  T H R E A D  ---------------

Current thread (0x00000000022ed800):  JavaThread "Unknown thread" [_thread_in_vm, id=5968, stack(0x0000000002120000,0x0000000002220000)]

Stack: [0x0000000002120000,0x0000000002220000]
[error occurred during error reporting (printing stack bounds), id 0xc0000005]

Native frames: (J=compiled Java code, j=interpreted, Vv=VM code, C=native code)


---------------  P R O C E S S  ---------------

Java Threads: ( => current thread )

Other Threads:

=>0x00000000022ed800 (exited) JavaThread "Unknown thread" [_thread_in_vm, id=5968, stack(0x0000000002120000,0x0000000002220000)]

VM state:not at safepoint (not fully initialized)

VM Mutex/Monitor currently owned by a thread: None

GC Heap History (0 events):
No events

Deoptimization events (0 events):
No events

Internal exceptions (0 events):
No events

Events (0 events):
No events


Dynamic libraries:
0x00007ff7552e0000 - 0x00007ff755317000 	C:\Program Files\Java\jdk1.8.0_60\bin\java.exe
0x00007ffc94370000 - 0x00007ffc9451d000 	C:\Windows\SYSTEM32\ntdll.dll
0x00007ffc93ce0000 - 0x00007ffc93e1e000 	C:\Windows\system32\KERNEL32.DLL
0x00007ffc918d0000 - 0x00007ffc919e5000 	C:\Windows\system32\KERNELBASE.dll
0x00007ffc90060000 - 0x00007ffc900ee000 	C:\Windows\system32\apphelp.dll
0x00007ffc6e9c0000 - 0x00007ffc6ea13000 	C:\Windows\AppPatch\AppPatch64\AcGenral.DLL
0x00007ffc91f60000 - 0x00007ffc9200a000 	C:\Windows\system32\msvcrt.dll
0x00007ffc916c0000 - 0x00007ffc916ee000 	C:\Windows\system32\SspiCli.dll
0x00007ffc94310000 - 0x00007ffc94364000 	C:\Windows\system32\SHLWAPI.dll
0x00007ffc93e20000 - 0x00007ffc93f97000 	C:\Windows\system32\USER32.dll
0x00007ffc93b40000 - 0x00007ffc93cd4000 	C:\Windows\system32\ole32.dll
0x00007ffc92610000 - 0x00007ffc93b38000 	C:\Windows\system32\SHELL32.dll
0x00007ffc90ae0000 - 0x00007ffc90b01000 	C:\Windows\SYSTEM32\USERENV.dll
0x00007ffc919f0000 - 0x00007ffc91a9a000 	C:\Windows\system32\ADVAPI32.dll
0x00007ffc8e330000 - 0x00007ffc8e34e000 	C:\Windows\SYSTEM32\MPR.dll
0x00007ffc91aa0000 - 0x00007ffc91be0000 	C:\Windows\system32\RPCRT4.dll
0x00007ffc92120000 - 0x00007ffc92179000 	C:\Windows\SYSTEM32\sechost.dll
0x00007ffc91d40000 - 0x00007ffc91f51000 	C:\Windows\SYSTEM32\combase.dll
0x00007ffc92480000 - 0x00007ffc925cf000 	C:\Windows\system32\GDI32.dll
0x00007ffc91490000 - 0x00007ffc914a5000 	C:\Windows\SYSTEM32\profapi.dll
0x00007ffc8f9e0000 - 0x00007ffc8fa92000 	C:\Windows\SYSTEM32\SHCORE.dll
0x00007ffc920e0000 - 0x00007ffc92116000 	C:\Windows\system32\IMM32.DLL
0x00007ffc91be0000 - 0x00007ffc91d32000 	C:\Windows\system32\MSCTF.dll
0x00007ffc8f0c0000 - 0x00007ffc8f33b000 	C:\Windows\WinSxS\amd64_microsoft.windows.common-controls_6595b64144ccf1df_6.0.9600.18006_none_623f33d3ecbe86e8\COMCTL32.dll
0x0000000050740000 - 0x0000000050812000 	C:\Program Files\Java\jdk1.8.0_60\jre\bin\msvcr100.dll
0x0000000050820000 - 0x00000000510a9000 	C:\Program Files\Java\jdk1.8.0_60\jre\bin\server\jvm.dll
0x00007ffc86750000 - 0x00007ffc86759000 	C:\Windows\SYSTEM32\WSOCK32.dll
0x00007ffc89c80000 - 0x00007ffc89ca2000 	C:\Windows\SYSTEM32\WINMM.dll
0x00007ffc8e380000 - 0x00007ffc8e38a000 	C:\Windows\SYSTEM32\VERSION.dll
0x00007ffc925d0000 - 0x00007ffc925d7000 	C:\Windows\system32\PSAPI.DLL
0x00007ffc92420000 - 0x00007ffc9247a000 	C:\Windows\system32\WS2_32.dll
0x00007ffc89c50000 - 0x00007ffc89c7a000 	C:\Windows\SYSTEM32\WINMMBASE.dll
0x00007ffc925e0000 - 0x00007ffc925e9000 	C:\Windows\system32\NSI.dll
0x00007ffc91670000 - 0x00007ffc916bf000 	C:\Windows\SYSTEM32\cfgmgr32.dll
0x00007ffc902b0000 - 0x00007ffc902d8000 	C:\Windows\SYSTEM32\DEVOBJ.dll
0x00000000506f0000 - 0x00000000506ff000 	C:\Program Files\Java\jdk1.8.0_60\jre\bin\verify.dll
0x00000000506c0000 - 0x00000000506e9000 	C:\Program Files\Java\jdk1.8.0_60\jre\bin\java.dll
0x00000000506a0000 - 0x00000000506b6000 	C:\Program Files\Java\jdk1.8.0_60\jre\bin\zip.dll

VM Arguments:
jvm_args: -Dfile.encoding=UTF-8 
java_command: Home
java_class_path (initial): F:\Pharmacy\build\classes
Launcher Type: SUN_STANDARD

Environment Variables:
PATH=D:\app\anantdimri\product\12.1.0\dbhome_1\bin;F:\app\anantcool19\product\12.1.0\dbhome_1\bin;C:\ProgramData\Oracle\Java\javapath;C:\Program Files (x86)\Intel\iCLS Client\;C:\Program Files\Intel\iCLS Client\;C:\Windows\system32;C:\Windows;C:\Windows\System32\Wbem;C:\Windows\System32\WindowsPowerShell\v1.0\;C:\Program Files\Intel\Intel(R) Management Engine Components\DAL;C:\Program Files\Intel\Intel(R) Management Engine Components\IPT;C:\Program Files (x86)\Intel\Intel(R) Management Engine Components\DAL;C:\Program Files (x86)\Intel\Intel(R) Management Engine Components\IPT;D:\Program Files\MATLAB\MATLAB Production Server\R2015a\runtime\win64;D:\Program Files\MATLAB\MATLAB Production Server\R2015a\bin;C:\Program Files\MATLAB\R2014a\runtime\win64;C:\Program Files\MATLAB\R2014a\bin;C:\Program Files\Intel\WiFi\bin\;C:\Program Files\Common Files\Intel\WirelessCommon\;C:\Program Files (x86)\Common Files\lenovo\easyplussdk\bin;D:\Program Files\MATLAB\MATLAB Production Server\R2015a\polyspace\bin;C:\Windows\system32\config\systemprofile\.dnx\bin;C:\Program Files\Microsoft DNX\Dnvm\;C:\Users\MAHE\AppData\Local\Programs\Python\Python35-32\Scripts\;C:\Users\MAHE\AppData\Local\Programs\Python\Python35-32\;C:\Program Files\Intel\WiFi\bin\;C:\Program Files\Common Files\Intel\WirelessCommon\
USERNAME=MAHE
OS=Windows_NT
PROCESSOR_IDENTIFIER=Intel64 Family 6 Model 69 Stepping 1, GenuineIntel



---------------  S Y S T E M  ---------------

OS: Windows 8.1 , 64 bit Build 9600 (6.3.9600.17415)

CPU:total 4 (2 cores per cpu, 2 threads per core) family 6 model 69 stepping 1, cmov, cx8, fxsr, mmx, sse, sse2, sse3, ssse3, sse4.1, sse4.2, popcnt, avx, avx2, aes, clmul, erms, lzcnt, ht, tsc, tscinvbit, bmi1, bmi2

Memory: 4k page, physical 3571820k(851120k free), swap 6717548k(5560k free)

vm_info: Java HotSpot(TM) 64-Bit Server VM (25.60-b23) for windows-amd64 JRE (1.8.0_60-b27), built on Aug  4 2015 11:06:27 by "java_re" with MS VC++ 10.0 (VS2010)

time: Tue Nov 15 13:13:30 2016
elapsed time: 0 seconds (0d 0h 0m 0s)

